<?xml version="1.0" encoding="UTF-8"?>
<!-- Generated by org.testng.reporters.JUnitReportReporter -->
<testsuite hostname="DESKTOP-CC0QIAC" failures="0" tests="6" name="courses_api_test.CoursesApiTestSuite" time="2.159" errors="0" timestamp="2021-11-09T18:12:31 EET" skipped="0">
  <testcase classname="courses_api_test.CoursesApiTestSuite" name="CreateCourse" time="1.803"/>
  <system-out/>
  <testcase classname="courses_api_test.CoursesApiTestSuite" name="getCourse" time="0.148"/>
  <system-out/>
  <testcase classname="courses_api_test.CoursesApiTestSuite" name="updateCoursePut" time="0.062"/>
  <system-out/>
  <testcase classname="courses_api_test.CoursesApiTestSuite" name="updateCoursePatch" time="0.050"/>
  <system-out/>
  <testcase classname="courses_api_test.CoursesApiTestSuite" name="DeleteCourse" time="0.057"/>
  <system-out/>
  <testcase classname="courses_api_test.CoursesApiTestSuite" name="getCourses" time="0.039"/>
  <system-out/>
</testsuite> <!-- courses_api_test.CoursesApiTestSuite -->
